<?xml version="1.0" encoding="UTF-8"?>
<!-- Generated by org.testng.reporters.JUnitXMLReporter -->
<testsuite hostname="LAPTOP-7TFIS2CT" ignored="2" name="Default test" tests="1" failures="0" timestamp="21 Apr 2022 10:54:27 GMT" time="28.526" errors="0">
  <testcase name="chrome" time="28.501" classname="org.test.pro.add_new_repo.TC01_Add_Repo"/>
  <testcase name="firefox" time="0.0" classname="org.test.pro.add_new_repo.TC01_Add_Repo">
    <ignored/>
  </testcase> <!-- firefox -->
  <testcase name="edge" time="0.0" classname="org.test.pro.add_new_repo.TC01_Add_Repo">
    <ignored/>
  </testcase> <!-- edge -->
</testsuite> <!-- Default test -->
